C:\USERS\RHYCHUNG\DESKTOP\PROGRAM TEMPLATE\VPT - COPY - COPY\DEBUG\VPT.PCH
C:\USERS\RHYCHUNG\DESKTOP\PROGRAM TEMPLATE\VPT - COPY - COPY\DEBUG\STDAFX.OBJ
C:\USERS\RHYCHUNG\DESKTOP\PROGRAM TEMPLATE\VPT - COPY - COPY\DEBUG\VC110.PDB
C:\USERS\RHYCHUNG\DESKTOP\PROGRAM TEMPLATE\VPT - COPY - COPY\DEBUG\VPT.OBJ
C:\USERS\RHYCHUNG\DESKTOP\PROGRAM TEMPLATE\VPT - COPY - COPY\DEBUG\VPTDOC.OBJ
C:\USERS\RHYCHUNG\DESKTOP\PROGRAM TEMPLATE\VPT - COPY - COPY\DEBUG\VPTVIEW.OBJ
C:\USERS\RHYCHUNG\DESKTOP\PROGRAM TEMPLATE\VPT - COPY - COPY\DEBUG\CPUID.OBJ
C:\USERS\RHYCHUNG\DESKTOP\PROGRAM TEMPLATE\VPT - COPY - COPY\DEBUG\DSGRAPHBUILDER.OBJ
C:\USERS\RHYCHUNG\DESKTOP\PROGRAM TEMPLATE\VPT - COPY - COPY\DEBUG\IMAGECONVERT.OBJ
C:\USERS\RHYCHUNG\DESKTOP\PROGRAM TEMPLATE\VPT - COPY - COPY\DEBUG\IMAGEFILTER.OBJ
C:\USERS\RHYCHUNG\DESKTOP\PROGRAM TEMPLATE\VPT - COPY - COPY\DEBUG\LINKLIST.OBJ
C:\USERS\RHYCHUNG\DESKTOP\PROGRAM TEMPLATE\VPT - COPY - COPY\DEBUG\NOISEGENERATOR.OBJ
C:\USERS\RHYCHUNG\DESKTOP\PROGRAM TEMPLATE\VPT - COPY - COPY\DEBUG\VFWINTERFACE.OBJ
C:\USERS\RHYCHUNG\DESKTOP\PROGRAM TEMPLATE\VPT - COPY - COPY\DEBUG\VIDEOENHANCE.OBJ
C:\USERS\RHYCHUNG\DESKTOP\PROGRAM TEMPLATE\VPT - COPY - COPY\DEBUG\APPDEINTERLACING.OBJ
C:\USERS\RHYCHUNG\DESKTOP\PROGRAM TEMPLATE\VPT - COPY - COPY\DEBUG\APPENCODEDECODE.OBJ
C:\USERS\RHYCHUNG\DESKTOP\PROGRAM TEMPLATE\VPT - COPY - COPY\DEBUG\APPFEATUREPOINT.OBJ
C:\USERS\RHYCHUNG\DESKTOP\PROGRAM TEMPLATE\VPT - COPY - COPY\DEBUG\APPFIELDORDER.OBJ
C:\USERS\RHYCHUNG\DESKTOP\PROGRAM TEMPLATE\VPT - COPY - COPY\DEBUG\APPMCTF.OBJ
C:\USERS\RHYCHUNG\DESKTOP\PROGRAM TEMPLATE\VPT - COPY - COPY\DEBUG\APPME.OBJ
C:\USERS\RHYCHUNG\DESKTOP\PROGRAM TEMPLATE\VPT - COPY - COPY\DEBUG\APPORDERFILTER.OBJ
C:\USERS\RHYCHUNG\DESKTOP\PROGRAM TEMPLATE\VPT - COPY - COPY\DEBUG\APPTEST.OBJ
C:\USERS\RHYCHUNG\DESKTOP\PROGRAM TEMPLATE\VPT - COPY - COPY\DEBUG\APPVIDEOENHANCE.OBJ
C:\USERS\RHYCHUNG\DESKTOP\PROGRAM TEMPLATE\VPT - COPY - COPY\DEBUG\APPCOMPRESS.OBJ
C:\USERS\RHYCHUNG\DESKTOP\PROGRAM TEMPLATE\VPT - COPY - COPY\DEBUG\APPCONVERT.OBJ
C:\USERS\RHYCHUNG\DESKTOP\PROGRAM TEMPLATE\VPT - COPY - COPY\DEBUG\AVILOADER.OBJ
C:\USERS\RHYCHUNG\DESKTOP\PROGRAM TEMPLATE\VPT - COPY - COPY\DEBUG\AVIWRITER.OBJ
C:\USERS\RHYCHUNG\DESKTOP\PROGRAM TEMPLATE\VPT - COPY - COPY\DEBUG\CAPTURESELECT.OBJ
C:\USERS\RHYCHUNG\DESKTOP\PROGRAM TEMPLATE\VPT - COPY - COPY\DEBUG\CHILDFRM.OBJ
C:\USERS\RHYCHUNG\DESKTOP\PROGRAM TEMPLATE\VPT - COPY - COPY\DEBUG\CONSOLEVIEW.OBJ
C:\USERS\RHYCHUNG\DESKTOP\PROGRAM TEMPLATE\VPT - COPY - COPY\DEBUG\CUSTOMSPLITTERWND.OBJ
C:\USERS\RHYCHUNG\DESKTOP\PROGRAM TEMPLATE\VPT - COPY - COPY\DEBUG\DSVIDEOGRABBER.OBJ
C:\USERS\RHYCHUNG\DESKTOP\PROGRAM TEMPLATE\VPT - COPY - COPY\DEBUG\IMAGELOADER.OBJ
C:\USERS\RHYCHUNG\DESKTOP\PROGRAM TEMPLATE\VPT - COPY - COPY\DEBUG\IMGPARAM.OBJ
C:\USERS\RHYCHUNG\DESKTOP\PROGRAM TEMPLATE\VPT - COPY - COPY\DEBUG\MAINFRM.OBJ
C:\USERS\RHYCHUNG\DESKTOP\PROGRAM TEMPLATE\VPT - COPY - COPY\DEBUG\PROCESSING.OBJ
C:\USERS\RHYCHUNG\DESKTOP\PROGRAM TEMPLATE\VPT - COPY - COPY\DEBUG\TUNNEL.OBJ
C:\USERS\RHYCHUNG\DESKTOP\PROGRAM TEMPLATE\VPT - COPY - COPY\DEBUG\VIDEOCAPTURE.OBJ
C:\USERS\RHYCHUNG\DESKTOP\PROGRAM TEMPLATE\VPT - COPY - COPY\DEBUG\VIDEOCTRLBAR.OBJ
C:\USERS\RHYCHUNG\DESKTOP\PROGRAM TEMPLATE\VPT - COPY - COPY\DEBUG\VIDEOCTRLFRM.OBJ
C:\USERS\RHYCHUNG\DESKTOP\PROGRAM TEMPLATE\VPT - COPY - COPY\DEBUG\BITSTREAM.OBJ
C:\USERS\RHYCHUNG\DESKTOP\PROGRAM TEMPLATE\VPT - COPY - COPY\DEBUG\FIXEDPOINT_C.OBJ
C:\USERS\RHYCHUNG\DESKTOP\PROGRAM TEMPLATE\VPT - COPY - COPY\DEBUG\FRAME_YUV420.OBJ
C:\USERS\RHYCHUNG\DESKTOP\PROGRAM TEMPLATE\VPT - COPY - COPY\DEBUG\MCTEMPORALFILTER.OBJ
C:\USERS\RHYCHUNG\DESKTOP\PROGRAM TEMPLATE\VPT - COPY - COPY\DEBUG\MOTIONESTIMATION_YUV420.OBJ
C:\USERS\RHYCHUNG\DESKTOP\PROGRAM TEMPLATE\VPT - COPY - COPY\DEBUG\VIDEODEINTERLACE.OBJ
C:\USERS\RHYCHUNG\DESKTOP\PROGRAM TEMPLATE\VPT - COPY - COPY\DEBUG\VPT.EXE
C:\USERS\RHYCHUNG\DESKTOP\PROGRAM TEMPLATE\VPT - COPY - COPY\DEBUG\VPT.PDB
C:\USERS\RHYCHUNG\DESKTOP\PROGRAM TEMPLATE\VPT - COPY - COPY\DEBUG\VPT.RES
C:\Users\rhychung\Desktop\Program Template\VPT - Copy - Copy\Debug\AppCompress.obj
C:\Users\rhychung\Desktop\Program Template\VPT - Copy - Copy\Debug\AppConvert.obj
C:\Users\rhychung\Desktop\Program Template\VPT - Copy - Copy\Debug\AppDeinterlacing.obj
C:\Users\rhychung\Desktop\Program Template\VPT - Copy - Copy\Debug\AppEncodeDecode.obj
C:\Users\rhychung\Desktop\Program Template\VPT - Copy - Copy\Debug\AppFeaturePoint.obj
C:\Users\rhychung\Desktop\Program Template\VPT - Copy - Copy\Debug\AppFieldOrder.obj
C:\Users\rhychung\Desktop\Program Template\VPT - Copy - Copy\Debug\AppMCTF.obj
C:\Users\rhychung\Desktop\Program Template\VPT - Copy - Copy\Debug\AppME.obj
C:\Users\rhychung\Desktop\Program Template\VPT - Copy - Copy\Debug\AppOrderFilter.obj
C:\Users\rhychung\Desktop\Program Template\VPT - Copy - Copy\Debug\AppTest.obj
C:\Users\rhychung\Desktop\Program Template\VPT - Copy - Copy\Debug\AppVideoEnhance.obj
C:\Users\rhychung\Desktop\Program Template\VPT - Copy - Copy\Debug\AviLoader.obj
C:\Users\rhychung\Desktop\Program Template\VPT - Copy - Copy\Debug\AviWriter.obj
C:\Users\rhychung\Desktop\Program Template\VPT - Copy - Copy\Debug\bitstream.obj
C:\Users\rhychung\Desktop\Program Template\VPT - Copy - Copy\Debug\CaptureSelect.obj
C:\Users\rhychung\Desktop\Program Template\VPT - Copy - Copy\Debug\ChildFrm.obj
C:\Users\rhychung\Desktop\Program Template\VPT - Copy - Copy\Debug\ConsoleView.obj
C:\Users\rhychung\Desktop\Program Template\VPT - Copy - Copy\Debug\cpuid.obj
C:\Users\rhychung\Desktop\Program Template\VPT - Copy - Copy\Debug\CustomSplitterWnd.obj
C:\Users\rhychung\Desktop\Program Template\VPT - Copy - Copy\Debug\DSGraphBuilder.obj
C:\Users\rhychung\Desktop\Program Template\VPT - Copy - Copy\Debug\DSVideoGrabber.obj
C:\Users\rhychung\Desktop\Program Template\VPT - Copy - Copy\Debug\fixedPoint_c.obj
C:\Users\rhychung\Desktop\Program Template\VPT - Copy - Copy\Debug\frame_yuv420.obj
C:\Users\rhychung\Desktop\Program Template\VPT - Copy - Copy\Debug\ImageConvert.obj
C:\Users\rhychung\Desktop\Program Template\VPT - Copy - Copy\Debug\ImageFilter.obj
C:\Users\rhychung\Desktop\Program Template\VPT - Copy - Copy\Debug\ImageLoader.obj
C:\Users\rhychung\Desktop\Program Template\VPT - Copy - Copy\Debug\ImgParam.obj
C:\Users\rhychung\Desktop\Program Template\VPT - Copy - Copy\Debug\linklist.obj
C:\Users\rhychung\Desktop\Program Template\VPT - Copy - Copy\Debug\MainFrm.obj
C:\Users\rhychung\Desktop\Program Template\VPT - Copy - Copy\Debug\mcTemporalFilter.obj
C:\Users\rhychung\Desktop\Program Template\VPT - Copy - Copy\Debug\motionEstimation_yuv420.obj
C:\Users\rhychung\Desktop\Program Template\VPT - Copy - Copy\Debug\NoiseGenerator.obj
C:\Users\rhychung\Desktop\Program Template\VPT - Copy - Copy\Debug\Processing.obj
C:\Users\rhychung\Desktop\Program Template\VPT - Copy - Copy\Debug\stdafx.obj
C:\Users\rhychung\Desktop\Program Template\VPT - Copy - Copy\Debug\Tunnel.obj
C:\Users\rhychung\Desktop\Program Template\VPT - Copy - Copy\Debug\VFWInterface.obj
C:\Users\rhychung\Desktop\Program Template\VPT - Copy - Copy\Debug\VideoCapture.obj
C:\Users\rhychung\Desktop\Program Template\VPT - Copy - Copy\Debug\VideoCtrlBar.obj
C:\Users\rhychung\Desktop\Program Template\VPT - Copy - Copy\Debug\VideoCtrlFrm.obj
C:\Users\rhychung\Desktop\Program Template\VPT - Copy - Copy\Debug\videoDeinterlace.obj
C:\Users\rhychung\Desktop\Program Template\VPT - Copy - Copy\Debug\videoEnhance.obj
C:\Users\rhychung\Desktop\Program Template\VPT - Copy - Copy\Debug\VPT.obj
C:\Users\rhychung\Desktop\Program Template\VPT - Copy - Copy\Debug\VPTDoc.obj
C:\Users\rhychung\Desktop\Program Template\VPT - Copy - Copy\Debug\VPTView.obj
C:\Users\rhychung\Desktop\Program Template\VPT - Copy - Copy\Debug\cl.command.1.tlog
C:\Users\rhychung\Desktop\Program Template\VPT - Copy - Copy\Debug\CL.read.1.tlog
C:\Users\rhychung\Desktop\Program Template\VPT - Copy - Copy\Debug\CL.write.1.tlog
C:\Users\rhychung\Desktop\Program Template\VPT - Copy - Copy\Debug\link-cvtres.read.1.tlog
C:\Users\rhychung\Desktop\Program Template\VPT - Copy - Copy\Debug\link-cvtres.write.1.tlog
C:\Users\rhychung\Desktop\Program Template\VPT - Copy - Copy\Debug\link-mt.read.1.tlog
C:\Users\rhychung\Desktop\Program Template\VPT - Copy - Copy\Debug\link-mt.write.1.tlog
C:\Users\rhychung\Desktop\Program Template\VPT - Copy - Copy\Debug\link-rc.read.1.tlog
C:\Users\rhychung\Desktop\Program Template\VPT - Copy - Copy\Debug\link-rc.write.1.tlog
C:\Users\rhychung\Desktop\Program Template\VPT - Copy - Copy\Debug\link.command.1.tlog
C:\Users\rhychung\Desktop\Program Template\VPT - Copy - Copy\Debug\link.read.1.tlog
C:\Users\rhychung\Desktop\Program Template\VPT - Copy - Copy\Debug\link.write.1.tlog
C:\Users\rhychung\Desktop\Program Template\VPT - Copy - Copy\Debug\rc.command.1.tlog
C:\Users\rhychung\Desktop\Program Template\VPT - Copy - Copy\Debug\rc.read.1.tlog
C:\Users\rhychung\Desktop\Program Template\VPT - Copy - Copy\Debug\rc.write.1.tlog
C:\Users\rhychung\Desktop\Program Template\VPT - Copy - Copy\Debug\VPT.res
C:\Users\rhychung\Desktop\Program Template\VPT - Copy - Copy\Debug\VPT.pch
C:\Users\rhychung\Desktop\Program Template\VPT - Copy - Copy\Debug\vc110.idb
C:\Users\rhychung\Desktop\Program Template\VPT - Copy - Copy\Debug\vc110.pdb
C:\Users\rhychung\Desktop\Program Template\VPT - Copy - Copy\Debug\VPT.pdb
C:\Users\rhychung\Desktop\Program Template\VPT - Copy - Copy\Debug\VPT.exe
