C:\USERS\RHYCHUNG\DESKTOP\PROGRAM TEMPLATE\VPT - COPY - COPY\RELEASE\VPT.PCH
C:\USERS\RHYCHUNG\DESKTOP\PROGRAM TEMPLATE\VPT - COPY - COPY\RELEASE\STDAFX.OBJ
C:\USERS\RHYCHUNG\DESKTOP\PROGRAM TEMPLATE\VPT - COPY - COPY\RELEASE\VC110.PDB
C:\USERS\RHYCHUNG\DESKTOP\PROGRAM TEMPLATE\VPT - COPY - COPY\RELEASE\VPTVIEW.OBJ
C:\USERS\RHYCHUNG\DESKTOP\PROGRAM TEMPLATE\VPT - COPY - COPY\RELEASE\VPTDOC.OBJ
C:\USERS\RHYCHUNG\DESKTOP\PROGRAM TEMPLATE\VPT - COPY - COPY\RELEASE\VPT.OBJ
C:\USERS\RHYCHUNG\DESKTOP\PROGRAM TEMPLATE\VPT - COPY - COPY\RELEASE\VIDEOCTRLFRM.OBJ
C:\USERS\RHYCHUNG\DESKTOP\PROGRAM TEMPLATE\VPT - COPY - COPY\RELEASE\VIDEOCTRLBAR.OBJ
C:\USERS\RHYCHUNG\DESKTOP\PROGRAM TEMPLATE\VPT - COPY - COPY\RELEASE\VIDEOCAPTURE.OBJ
C:\USERS\RHYCHUNG\DESKTOP\PROGRAM TEMPLATE\VPT - COPY - COPY\RELEASE\TUNNEL.OBJ
C:\USERS\RHYCHUNG\DESKTOP\PROGRAM TEMPLATE\VPT - COPY - COPY\RELEASE\PROCESSING.OBJ
C:\USERS\RHYCHUNG\DESKTOP\PROGRAM TEMPLATE\VPT - COPY - COPY\RELEASE\MAINFRM.OBJ
C:\USERS\RHYCHUNG\DESKTOP\PROGRAM TEMPLATE\VPT - COPY - COPY\RELEASE\IMGPARAM.OBJ
C:\USERS\RHYCHUNG\DESKTOP\PROGRAM TEMPLATE\VPT - COPY - COPY\RELEASE\IMAGELOADER.OBJ
C:\USERS\RHYCHUNG\DESKTOP\PROGRAM TEMPLATE\VPT - COPY - COPY\RELEASE\DSVIDEOGRABBER.OBJ
C:\USERS\RHYCHUNG\DESKTOP\PROGRAM TEMPLATE\VPT - COPY - COPY\RELEASE\CUSTOMSPLITTERWND.OBJ
C:\USERS\RHYCHUNG\DESKTOP\PROGRAM TEMPLATE\VPT - COPY - COPY\RELEASE\CONSOLEVIEW.OBJ
C:\USERS\RHYCHUNG\DESKTOP\PROGRAM TEMPLATE\VPT - COPY - COPY\RELEASE\CHILDFRM.OBJ
C:\USERS\RHYCHUNG\DESKTOP\PROGRAM TEMPLATE\VPT - COPY - COPY\RELEASE\CAPTURESELECT.OBJ
C:\USERS\RHYCHUNG\DESKTOP\PROGRAM TEMPLATE\VPT - COPY - COPY\RELEASE\AVIWRITER.OBJ
C:\USERS\RHYCHUNG\DESKTOP\PROGRAM TEMPLATE\VPT - COPY - COPY\RELEASE\AVILOADER.OBJ
C:\USERS\RHYCHUNG\DESKTOP\PROGRAM TEMPLATE\VPT - COPY - COPY\RELEASE\APPCONVERT.OBJ
C:\USERS\RHYCHUNG\DESKTOP\PROGRAM TEMPLATE\VPT - COPY - COPY\RELEASE\APPCOMPRESS.OBJ
C:\USERS\RHYCHUNG\DESKTOP\PROGRAM TEMPLATE\VPT - COPY - COPY\RELEASE\APPVIDEOENHANCE.OBJ
C:\USERS\RHYCHUNG\DESKTOP\PROGRAM TEMPLATE\VPT - COPY - COPY\RELEASE\APPTEST.OBJ
C:\USERS\RHYCHUNG\DESKTOP\PROGRAM TEMPLATE\VPT - COPY - COPY\RELEASE\APPORDERFILTER.OBJ
C:\USERS\RHYCHUNG\DESKTOP\PROGRAM TEMPLATE\VPT - COPY - COPY\RELEASE\APPME.OBJ
C:\USERS\RHYCHUNG\DESKTOP\PROGRAM TEMPLATE\VPT - COPY - COPY\RELEASE\APPMCTF.OBJ
C:\USERS\RHYCHUNG\DESKTOP\PROGRAM TEMPLATE\VPT - COPY - COPY\RELEASE\APPFIELDORDER.OBJ
C:\USERS\RHYCHUNG\DESKTOP\PROGRAM TEMPLATE\VPT - COPY - COPY\RELEASE\APPFEATUREPOINT.OBJ
C:\USERS\RHYCHUNG\DESKTOP\PROGRAM TEMPLATE\VPT - COPY - COPY\RELEASE\APPENCODEDECODE.OBJ
C:\USERS\RHYCHUNG\DESKTOP\PROGRAM TEMPLATE\VPT - COPY - COPY\RELEASE\APPDEINTERLACING.OBJ
C:\USERS\RHYCHUNG\DESKTOP\PROGRAM TEMPLATE\VPT - COPY - COPY\RELEASE\VIDEOENHANCE.OBJ
C:\USERS\RHYCHUNG\DESKTOP\PROGRAM TEMPLATE\VPT - COPY - COPY\RELEASE\VFWINTERFACE.OBJ
C:\USERS\RHYCHUNG\DESKTOP\PROGRAM TEMPLATE\VPT - COPY - COPY\RELEASE\NOISEGENERATOR.OBJ
C:\USERS\RHYCHUNG\DESKTOP\PROGRAM TEMPLATE\VPT - COPY - COPY\RELEASE\LINKLIST.OBJ
C:\USERS\RHYCHUNG\DESKTOP\PROGRAM TEMPLATE\VPT - COPY - COPY\RELEASE\IMAGEFILTER.OBJ
C:\USERS\RHYCHUNG\DESKTOP\PROGRAM TEMPLATE\VPT - COPY - COPY\RELEASE\DSGRAPHBUILDER.OBJ
C:\USERS\RHYCHUNG\DESKTOP\PROGRAM TEMPLATE\VPT - COPY - COPY\RELEASE\CPUID.OBJ
C:\USERS\RHYCHUNG\DESKTOP\PROGRAM TEMPLATE\VPT - COPY - COPY\RELEASE\BITSTREAM.OBJ
C:\USERS\RHYCHUNG\DESKTOP\PROGRAM TEMPLATE\VPT - COPY - COPY\RELEASE\VIDEODEINTERLACE.OBJ
C:\USERS\RHYCHUNG\DESKTOP\PROGRAM TEMPLATE\VPT - COPY - COPY\RELEASE\MOTIONESTIMATION_YUV420.OBJ
C:\USERS\RHYCHUNG\DESKTOP\PROGRAM TEMPLATE\VPT - COPY - COPY\RELEASE\MCTEMPORALFILTER.OBJ
C:\USERS\RHYCHUNG\DESKTOP\PROGRAM TEMPLATE\VPT - COPY - COPY\RELEASE\FRAME_YUV420.OBJ
C:\USERS\RHYCHUNG\DESKTOP\PROGRAM TEMPLATE\VPT - COPY - COPY\RELEASE\FIXEDPOINT_C.OBJ
C:\USERS\RHYCHUNG\DESKTOP\PROGRAM TEMPLATE\VPT - COPY - COPY\RELEASE\IMAGECONVERT.OBJ
C:\USERS\RHYCHUNG\DESKTOP\PROGRAM TEMPLATE\VPT - COPY - COPY\RELEASE\VPT.EXE
C:\USERS\RHYCHUNG\DESKTOP\PROGRAM TEMPLATE\VPT - COPY - COPY\RELEASE\IMAGECONVERT.ASM
C:\USERS\RHYCHUNG\DESKTOP\PROGRAM TEMPLATE\VPT - COPY - COPY\RELEASE\VPT.PDB
C:\USERS\RHYCHUNG\DESKTOP\PROGRAM TEMPLATE\VPT - COPY - COPY\RELEASE\VPT.RES
C:\Users\rhychung\Desktop\Program Template\VPT - Copy - Copy\Release\AppCompress.obj
C:\Users\rhychung\Desktop\Program Template\VPT - Copy - Copy\Release\AppConvert.obj
C:\Users\rhychung\Desktop\Program Template\VPT - Copy - Copy\Release\AppDeinterlacing.obj
C:\Users\rhychung\Desktop\Program Template\VPT - Copy - Copy\Release\AppEncodeDecode.obj
C:\Users\rhychung\Desktop\Program Template\VPT - Copy - Copy\Release\AppFeaturePoint.obj
C:\Users\rhychung\Desktop\Program Template\VPT - Copy - Copy\Release\AppFieldOrder.obj
C:\Users\rhychung\Desktop\Program Template\VPT - Copy - Copy\Release\AppMCTF.obj
C:\Users\rhychung\Desktop\Program Template\VPT - Copy - Copy\Release\AppME.obj
C:\Users\rhychung\Desktop\Program Template\VPT - Copy - Copy\Release\AppOrderFilter.obj
C:\Users\rhychung\Desktop\Program Template\VPT - Copy - Copy\Release\AppTest.obj
C:\Users\rhychung\Desktop\Program Template\VPT - Copy - Copy\Release\AppVideoEnhance.obj
C:\Users\rhychung\Desktop\Program Template\VPT - Copy - Copy\Release\AviLoader.obj
C:\Users\rhychung\Desktop\Program Template\VPT - Copy - Copy\Release\AviWriter.obj
C:\Users\rhychung\Desktop\Program Template\VPT - Copy - Copy\Release\bitstream.obj
C:\Users\rhychung\Desktop\Program Template\VPT - Copy - Copy\Release\CaptureSelect.obj
C:\Users\rhychung\Desktop\Program Template\VPT - Copy - Copy\Release\ChildFrm.obj
C:\Users\rhychung\Desktop\Program Template\VPT - Copy - Copy\Release\ConsoleView.obj
C:\Users\rhychung\Desktop\Program Template\VPT - Copy - Copy\Release\cpuid.obj
C:\Users\rhychung\Desktop\Program Template\VPT - Copy - Copy\Release\CustomSplitterWnd.obj
C:\Users\rhychung\Desktop\Program Template\VPT - Copy - Copy\Release\DSGraphBuilder.obj
C:\Users\rhychung\Desktop\Program Template\VPT - Copy - Copy\Release\DSVideoGrabber.obj
C:\Users\rhychung\Desktop\Program Template\VPT - Copy - Copy\Release\fixedPoint_c.obj
C:\Users\rhychung\Desktop\Program Template\VPT - Copy - Copy\Release\frame_yuv420.obj
C:\Users\rhychung\Desktop\Program Template\VPT - Copy - Copy\Release\ImageConvert.obj
C:\Users\rhychung\Desktop\Program Template\VPT - Copy - Copy\Release\ImageFilter.obj
C:\Users\rhychung\Desktop\Program Template\VPT - Copy - Copy\Release\ImageLoader.obj
C:\Users\rhychung\Desktop\Program Template\VPT - Copy - Copy\Release\ImgParam.obj
C:\Users\rhychung\Desktop\Program Template\VPT - Copy - Copy\Release\linklist.obj
C:\Users\rhychung\Desktop\Program Template\VPT - Copy - Copy\Release\MainFrm.obj
C:\Users\rhychung\Desktop\Program Template\VPT - Copy - Copy\Release\mcTemporalFilter.obj
C:\Users\rhychung\Desktop\Program Template\VPT - Copy - Copy\Release\motionEstimation_yuv420.obj
C:\Users\rhychung\Desktop\Program Template\VPT - Copy - Copy\Release\NoiseGenerator.obj
C:\Users\rhychung\Desktop\Program Template\VPT - Copy - Copy\Release\Processing.obj
C:\Users\rhychung\Desktop\Program Template\VPT - Copy - Copy\Release\stdafx.obj
C:\Users\rhychung\Desktop\Program Template\VPT - Copy - Copy\Release\Tunnel.obj
C:\Users\rhychung\Desktop\Program Template\VPT - Copy - Copy\Release\VFWInterface.obj
C:\Users\rhychung\Desktop\Program Template\VPT - Copy - Copy\Release\VideoCapture.obj
C:\Users\rhychung\Desktop\Program Template\VPT - Copy - Copy\Release\VideoCtrlBar.obj
C:\Users\rhychung\Desktop\Program Template\VPT - Copy - Copy\Release\VideoCtrlFrm.obj
C:\Users\rhychung\Desktop\Program Template\VPT - Copy - Copy\Release\videoDeinterlace.obj
C:\Users\rhychung\Desktop\Program Template\VPT - Copy - Copy\Release\videoEnhance.obj
C:\Users\rhychung\Desktop\Program Template\VPT - Copy - Copy\Release\VPT.obj
C:\Users\rhychung\Desktop\Program Template\VPT - Copy - Copy\Release\VPTDoc.obj
C:\Users\rhychung\Desktop\Program Template\VPT - Copy - Copy\Release\VPTView.obj
C:\Users\rhychung\Desktop\Program Template\VPT - Copy - Copy\Release\cl.command.1.tlog
C:\Users\rhychung\Desktop\Program Template\VPT - Copy - Copy\Release\CL.read.1.tlog
C:\Users\rhychung\Desktop\Program Template\VPT - Copy - Copy\Release\CL.write.1.tlog
C:\Users\rhychung\Desktop\Program Template\VPT - Copy - Copy\Release\link-cvtres.read.1.tlog
C:\Users\rhychung\Desktop\Program Template\VPT - Copy - Copy\Release\link-cvtres.write.1.tlog
C:\Users\rhychung\Desktop\Program Template\VPT - Copy - Copy\Release\link-mt.read.1.tlog
C:\Users\rhychung\Desktop\Program Template\VPT - Copy - Copy\Release\link-mt.write.1.tlog
C:\Users\rhychung\Desktop\Program Template\VPT - Copy - Copy\Release\link-rc.read.1.tlog
C:\Users\rhychung\Desktop\Program Template\VPT - Copy - Copy\Release\link-rc.write.1.tlog
C:\Users\rhychung\Desktop\Program Template\VPT - Copy - Copy\Release\link.command.1.tlog
C:\Users\rhychung\Desktop\Program Template\VPT - Copy - Copy\Release\link.read.1.tlog
C:\Users\rhychung\Desktop\Program Template\VPT - Copy - Copy\Release\link.read.2.tlog
C:\Users\rhychung\Desktop\Program Template\VPT - Copy - Copy\Release\link.read.3.tlog
C:\Users\rhychung\Desktop\Program Template\VPT - Copy - Copy\Release\link.read.4.tlog
C:\Users\rhychung\Desktop\Program Template\VPT - Copy - Copy\Release\link.read.5.tlog
C:\Users\rhychung\Desktop\Program Template\VPT - Copy - Copy\Release\link.write.1.tlog
C:\Users\rhychung\Desktop\Program Template\VPT - Copy - Copy\Release\rc.command.1.tlog
C:\Users\rhychung\Desktop\Program Template\VPT - Copy - Copy\Release\rc.read.1.tlog
C:\Users\rhychung\Desktop\Program Template\VPT - Copy - Copy\Release\rc.write.1.tlog
C:\Users\rhychung\Desktop\Program Template\VPT - Copy - Copy\Release\VPT.res
C:\Users\rhychung\Desktop\Program Template\VPT - Copy - Copy\Release\VPT.pch
C:\Users\rhychung\Desktop\Program Template\VPT - Copy - Copy\Release\vc110.pdb
C:\Users\rhychung\Desktop\Program Template\VPT - Copy - Copy\Release\VPT.pdb
C:\Users\rhychung\Desktop\Program Template\VPT - Copy - Copy\Release\VPT.exe
