C:\USERS\RHYCHUNG\DESKTOP\PROGRAM TEMPLATE\VPT - COPY - COPY\APPGENERATOR\RELEASE\APPGENERATOR.PCH
C:\USERS\RHYCHUNG\DESKTOP\PROGRAM TEMPLATE\VPT - COPY - COPY\APPGENERATOR\RELEASE\STDAFX.OBJ
C:\USERS\RHYCHUNG\DESKTOP\PROGRAM TEMPLATE\VPT - COPY - COPY\APPGENERATOR\RELEASE\VC110.PDB
C:\USERS\RHYCHUNG\DESKTOP\PROGRAM TEMPLATE\VPT - COPY - COPY\APPGENERATOR\RELEASE\APPGENERATORDLG.OBJ
C:\USERS\RHYCHUNG\DESKTOP\PROGRAM TEMPLATE\VPT - COPY - COPY\APPGENERATOR\RELEASE\APPGENERATOR.OBJ
C:\USERS\RHYCHUNG\DESKTOP\PROGRAM TEMPLATE\VPT - COPY - COPY\RELEASE\APPGENERATOR.EXE
C:\USERS\RHYCHUNG\DESKTOP\PROGRAM TEMPLATE\VPT - COPY - COPY\RELEASE\APPGENERATOR.PDB
C:\USERS\RHYCHUNG\DESKTOP\PROGRAM TEMPLATE\VPT - COPY - COPY\APPGENERATOR\RELEASE\APPGENERATOR.RES
C:\Users\rhychung\Desktop\Program Template\VPT - Copy - Copy\AppGenerator\Release\AppGenerator.obj
C:\Users\rhychung\Desktop\Program Template\VPT - Copy - Copy\AppGenerator\Release\AppGeneratorDlg.obj
C:\Users\rhychung\Desktop\Program Template\VPT - Copy - Copy\AppGenerator\Release\stdafx.obj
C:\Users\rhychung\Desktop\Program Template\VPT - Copy - Copy\AppGenerator\Release\cl.command.1.tlog
C:\Users\rhychung\Desktop\Program Template\VPT - Copy - Copy\AppGenerator\Release\CL.read.1.tlog
C:\Users\rhychung\Desktop\Program Template\VPT - Copy - Copy\AppGenerator\Release\CL.write.1.tlog
C:\Users\rhychung\Desktop\Program Template\VPT - Copy - Copy\AppGenerator\Release\link-cvtres.read.1.tlog
C:\Users\rhychung\Desktop\Program Template\VPT - Copy - Copy\AppGenerator\Release\link-cvtres.write.1.tlog
C:\Users\rhychung\Desktop\Program Template\VPT - Copy - Copy\AppGenerator\Release\link-mt.read.1.tlog
C:\Users\rhychung\Desktop\Program Template\VPT - Copy - Copy\AppGenerator\Release\link-mt.write.1.tlog
C:\Users\rhychung\Desktop\Program Template\VPT - Copy - Copy\AppGenerator\Release\link-rc.read.1.tlog
C:\Users\rhychung\Desktop\Program Template\VPT - Copy - Copy\AppGenerator\Release\link-rc.write.1.tlog
C:\Users\rhychung\Desktop\Program Template\VPT - Copy - Copy\AppGenerator\Release\link.command.1.tlog
C:\Users\rhychung\Desktop\Program Template\VPT - Copy - Copy\AppGenerator\Release\link.read.1.tlog
C:\Users\rhychung\Desktop\Program Template\VPT - Copy - Copy\AppGenerator\Release\link.write.1.tlog
C:\Users\rhychung\Desktop\Program Template\VPT - Copy - Copy\AppGenerator\Release\rc.command.1.tlog
C:\Users\rhychung\Desktop\Program Template\VPT - Copy - Copy\AppGenerator\Release\rc.read.1.tlog
C:\Users\rhychung\Desktop\Program Template\VPT - Copy - Copy\AppGenerator\Release\rc.write.1.tlog
C:\Users\rhychung\Desktop\Program Template\VPT - Copy - Copy\AppGenerator\Release\AppGenerator.res
C:\Users\rhychung\Desktop\Program Template\VPT - Copy - Copy\AppGenerator\Release\AppGenerator.pch
C:\Users\rhychung\Desktop\Program Template\VPT - Copy - Copy\AppGenerator\Release\vc110.pdb
C:\Users\rhychung\Desktop\Program Template\VPT - Copy - Copy\Release\AppGenerator.pdb
C:\Users\rhychung\Desktop\Program Template\VPT - Copy - Copy\Release\AppGenerator.exe
