C:\USERS\RHYCHUNG\DESKTOP\PROGRAM TEMPLATE\VPT - COPY - COPY\APPGENERATOR\DEBUG\APPGENERATOR.PCH
C:\USERS\RHYCHUNG\DESKTOP\PROGRAM TEMPLATE\VPT - COPY - COPY\APPGENERATOR\DEBUG\STDAFX.OBJ
C:\USERS\RHYCHUNG\DESKTOP\PROGRAM TEMPLATE\VPT - COPY - COPY\APPGENERATOR\DEBUG\VC110.PDB
C:\USERS\RHYCHUNG\DESKTOP\PROGRAM TEMPLATE\VPT - COPY - COPY\APPGENERATOR\DEBUG\APPGENERATOR.OBJ
C:\USERS\RHYCHUNG\DESKTOP\PROGRAM TEMPLATE\VPT - COPY - COPY\APPGENERATOR\DEBUG\APPGENERATORDLG.OBJ
C:\USERS\RHYCHUNG\DESKTOP\PROGRAM TEMPLATE\VPT - COPY - COPY\DEBUG\APPGENERATOR.ILK
C:\USERS\RHYCHUNG\DESKTOP\PROGRAM TEMPLATE\VPT - COPY - COPY\DEBUG\APPGENERATOR.EXE
C:\USERS\RHYCHUNG\DESKTOP\PROGRAM TEMPLATE\VPT - COPY - COPY\DEBUG\APPGENERATOR.PDB
C:\USERS\RHYCHUNG\DESKTOP\PROGRAM TEMPLATE\VPT - COPY - COPY\APPGENERATOR\DEBUG\APPGENERATOR.RES
C:\Users\rhychung\Desktop\Program Template\VPT - Copy - Copy\AppGenerator\Debug\AppGenerator.obj
C:\Users\rhychung\Desktop\Program Template\VPT - Copy - Copy\AppGenerator\Debug\AppGeneratorDlg.obj
C:\Users\rhychung\Desktop\Program Template\VPT - Copy - Copy\AppGenerator\Debug\stdafx.obj
C:\Users\rhychung\Desktop\Program Template\VPT - Copy - Copy\AppGenerator\Debug\cl.command.1.tlog
C:\Users\rhychung\Desktop\Program Template\VPT - Copy - Copy\AppGenerator\Debug\CL.read.1.tlog
C:\Users\rhychung\Desktop\Program Template\VPT - Copy - Copy\AppGenerator\Debug\CL.write.1.tlog
C:\Users\rhychung\Desktop\Program Template\VPT - Copy - Copy\AppGenerator\Debug\link-cvtres.read.1.tlog
C:\Users\rhychung\Desktop\Program Template\VPT - Copy - Copy\AppGenerator\Debug\link-cvtres.write.1.tlog
C:\Users\rhychung\Desktop\Program Template\VPT - Copy - Copy\AppGenerator\Debug\link-mt.read.1.tlog
C:\Users\rhychung\Desktop\Program Template\VPT - Copy - Copy\AppGenerator\Debug\link-mt.write.1.tlog
C:\Users\rhychung\Desktop\Program Template\VPT - Copy - Copy\AppGenerator\Debug\link-rc.read.1.tlog
C:\Users\rhychung\Desktop\Program Template\VPT - Copy - Copy\AppGenerator\Debug\link-rc.write.1.tlog
C:\Users\rhychung\Desktop\Program Template\VPT - Copy - Copy\AppGenerator\Debug\link.command.1.tlog
C:\Users\rhychung\Desktop\Program Template\VPT - Copy - Copy\AppGenerator\Debug\link.read.1.tlog
C:\Users\rhychung\Desktop\Program Template\VPT - Copy - Copy\AppGenerator\Debug\link.write.1.tlog
C:\Users\rhychung\Desktop\Program Template\VPT - Copy - Copy\AppGenerator\Debug\rc.command.1.tlog
C:\Users\rhychung\Desktop\Program Template\VPT - Copy - Copy\AppGenerator\Debug\rc.read.1.tlog
C:\Users\rhychung\Desktop\Program Template\VPT - Copy - Copy\AppGenerator\Debug\rc.write.1.tlog
C:\Users\rhychung\Desktop\Program Template\VPT - Copy - Copy\AppGenerator\Debug\AppGenerator.res
C:\Users\rhychung\Desktop\Program Template\VPT - Copy - Copy\AppGenerator\Debug\AppGenerator.pch
C:\Users\rhychung\Desktop\Program Template\VPT - Copy - Copy\AppGenerator\Debug\vc110.idb
C:\Users\rhychung\Desktop\Program Template\VPT - Copy - Copy\AppGenerator\Debug\vc110.pdb
C:\Users\rhychung\Desktop\Program Template\VPT - Copy - Copy\Debug\AppGenerator.pdb
C:\Users\rhychung\Desktop\Program Template\VPT - Copy - Copy\Debug\AppGenerator.exe
C:\Users\rhychung\Desktop\Program Template\VPT - Copy - Copy\Debug\AppGenerator.ilk
